This is pdfTeX, Version 3.141592653-2.6-1.40.26 (MiKTeX 24.4) (preloaded format=pdflatex 2024.9.3)  18 DEC 2024 13:20
entering extended mode
 restricted \write18 enabled.
 file:line:error style messages enabled.
 %&-line parsing enabled.
**"d:/Seace/Anexos/11.Bases Estandar AS Servicios en Gral/Latex/AS_SERVICIOS_INDIVIDUAL.tex"
(d:/Seace/Anexos/11.Bases Estandar AS Servicios en Gral/Latex/AS_SERVICIOS_INDIVIDUAL.tex
LaTeX2e <2024-06-01> patch level 2
L3 programming layer <2024-08-16>
(C:\Program Files\MiKTeX\tex/latex/base\article.cls
Document Class: article 2024/02/08 v1.4n Standard LaTeX document class
(C:\Program Files\MiKTeX\tex/latex/base\size11.clo
File: size11.clo 2024/02/08 v1.4n Standard LaTeX file (size option)
)
\c@part=\count194
\c@section=\count195
\c@subsection=\count196
\c@subsubsection=\count197
\c@paragraph=\count198
\c@subparagraph=\count199
\c@figure=\count266
\c@table=\count267
\abovecaptionskip=\skip49
\belowcaptionskip=\skip50
\bibindent=\dimen141
) (0_0_PREAMBULO/Preambulo.tex (C:\Program Files\MiKTeX\tex/latex/geometry\geometry.sty
Package: geometry 2020/01/02 v5.9 Page Geometry
 (C:\Program Files\MiKTeX\tex/latex/graphics\keyval.sty
Package: keyval 2022/05/29 v1.15 key=value parser (DPC)
\KV@toks@=\toks17
) (C:\Program Files\MiKTeX\tex/generic/iftex\ifvtex.sty
Package: ifvtex 2019/10/25 v1.7 ifvtex legacy package. Use iftex instead.
 (C:\Program Files\MiKTeX\tex/generic/iftex\iftex.sty
Package: iftex 2022/02/03 v1.0f TeX engine tests
))
\Gm@cnth=\count268
\Gm@cntv=\count269
\c@Gm@tempcnt=\count270
\Gm@bindingoffset=\dimen142
\Gm@wd@mp=\dimen143
\Gm@odd@mp=\dimen144
\Gm@even@mp=\dimen145
\Gm@layoutwidth=\dimen146
\Gm@layoutheight=\dimen147
\Gm@layouthoffset=\dimen148
\Gm@layoutvoffset=\dimen149
\Gm@dimlist=\toks18
 (C:\Program Files\MiKTeX\tex/latex/geometry\geometry.cfg)) (C:\Program Files\MiKTeX\tex/latex/multirow\multirow.sty
Package: multirow 2021/03/15 v2.8 Span multiple rows of a table
\multirow@colwidth=\skip51
\multirow@cntb=\count271
\multirow@dima=\skip52
\bigstrutjot=\dimen150
) (C:\Program Files\MiKTeX\tex/latex/tools\tabularx.sty
Package: tabularx 2023/12/11 v2.12a `tabularx' package (DPC)
 (C:\Program Files\MiKTeX\tex/latex/tools\array.sty
Package: array 2024/06/14 v2.6d Tabular extension package (FMi)
\col@sep=\dimen151
\ar@mcellbox=\box52
\extrarowheight=\dimen152
\NC@list=\toks19
\extratabsurround=\skip53
\backup@length=\skip54
\ar@cellbox=\box53
)
\TX@col@width=\dimen153
\TX@old@table=\dimen154
\TX@old@col=\dimen155
\TX@target=\dimen156
\TX@delta=\dimen157
\TX@cols=\count272
\TX@ftn=\toks20
) (C:\Program Files\MiKTeX\tex/latex/enumitem\enumitem.sty
Package: enumitem 2019/06/20 v3.9 Customized lists
\labelindent=\skip55
\enit@outerparindent=\dimen158
\enit@toks=\toks21
\enit@inbox=\box54
\enit@count@id=\count273
\enitdp@description=\count274
) (C:\Program Files\MiKTeX\tex/latex/pdflscape\pdflscape.sty
Package: pdflscape 2022-10-27 v0.13 Display of landscape pages in PDF
 (C:\Program Files\MiKTeX\tex/latex/pdflscape\pdflscape-nometadata.sty
Package: pdflscape-nometadata 2022-10-28 v0.13 Display of landscape pages in PDF (HO)
 (C:\Program Files\MiKTeX\tex/latex/graphics\lscape.sty
Package: lscape 2020/05/28 v3.02 Landscape Pages (DPC)
 (C:\Program Files\MiKTeX\tex/latex/graphics\graphics.sty
Package: graphics 2024/05/23 v1.4g Standard LaTeX Graphics (DPC,SPQR)
 (C:\Program Files\MiKTeX\tex/latex/graphics\trig.sty
Package: trig 2023/12/02 v1.11 sin cos tan (DPC)
) (C:\Program Files\MiKTeX\tex/latex/graphics-cfg\graphics.cfg
File: graphics.cfg 2016/06/04 v1.11 sample graphics configuration
)
Package graphics Info: Driver file: pdftex.def on input line 106.
 (C:\Program Files\MiKTeX\tex/latex/graphics-def\pdftex.def
File: pdftex.def 2024/04/13 v1.2c Graphics/color driver for pdftex
)))
Package pdflscape Info: Auto-detected driver: pdftex on input line 81.
)) (C:\Program Files\MiKTeX\tex/generic/babel\babel.sty
Package: babel 2024/08/29 v24.9 The Babel package
\babel@savecnt=\count275
\U@D=\dimen159
\l@unhyphenated=\language79
 (C:\Program Files\MiKTeX\tex/generic/babel\txtbabel.def)
\bbl@readstream=\read2
\bbl@dirlevel=\count276

*************************************
* Local config file bblopts.cfg used
*
(C:\Program Files\MiKTeX\tex/latex/arabi\bblopts.cfg
File: bblopts.cfg 2005/09/08 v0.1 add Arabic and Farsi to "declared" options of babel
) (C:\Program Files\MiKTeX\tex/latex/babel-spanish\spanish.ldf
Language: spanish.ldf 2021/05/27 v5.0q Spanish support from the babel system
\es@quottoks=\toks22
\es@quotdepth=\count277
Package babel Info: Making " an active character on input line 570.
Package babel Info: Making . an active character on input line 675.
Package babel Info: Making < an active character on input line 722.
Package babel Info: Making > an active character on input line 722.
)) (C:\Program Files\MiKTeX\tex/generic/babel/locale/es\babel-spanish.tex
Package babel Info: Importing font and identification data for spanish
(babel)             from babel-es.ini. Reported on input line 11.
) (C:\Program Files\MiKTeX\tex/latex/comment\comment.sty
\CommentStream=\write3
 Excluding comment 'comment') (C:\Program Files\MiKTeX\tex/latex/setspace\setspace.sty
Package: setspace 2022/12/04 v6.7b set line spacing
)) (C:\Program Files\MiKTeX\tex/latex/l3backend\l3backend-pdftex.def
File: l3backend-pdftex.def 2024-05-08 L3 backend support: PDF output (pdfTeX)
\l__color_backend_stack_int=\count278
\l__pdf_internal_box=\box55
) (AS_SERVICIOS_INDIVIDUAL.aux (0_1_CARATULA/Caratula.aux)
LaTeX Info: Redefining \. on input line 9.
LaTeX Info: Redefining \% on input line 9.
 (0_2_INDICE/Indice.aux) (1_0_DOCUMENTOS_ADMISION/DocumentosAdmision.aux) (1_0_DOCUMENTOS_ADMISION/Separador01.aux) (1_1_ANEXO01/Anexo01.aux) (1_0_DOCUMENTOS_ADMISION/Separador02.aux) (1_2_ANEXO02/Anexo02.aux) (1_0_DOCUMENTOS_ADMISION/Separador03.aux) (1_3_ANEXO03/Anexo03.aux) (1_0_DOCUMENTOS_ADMISION/Separador04.aux) (1_4_ANEXO04/Anexo04.aux) (1_0_DOCUMENTOS_ADMISION/Separador06.aux) (1_6_ANEXO06/Anexo06.aux) (2_0_DOCUMENTOS_CALIFICACION/RequisitosCalificacion.aux) (2_0_DOCUMENTOS_CALIFICACION/Habilitacion.aux) (2_0_DOCUMENTOS_CALIFICACION/EquipamientoEstrategico.aux) (2_0_DOCUMENTOS_CALIFICACION/InfraestructuraEstrategica.aux) (2_0_DOCUMENTOS_CALIFICACION/FormacionPersonal.aux) (2_0_DOCUMENTOS_CALIFICACION/CapacitacionPersonal.aux) (2_0_DOCUMENTOS_CALIFICACION/ExperienciaPersonal.aux) (2_0_DOCUMENTOS_CALIFICACION/ExperienciaPostor.aux) (2_1_ANEXO08/Anexo08.aux) (2_0_DOCUMENTOS_CALIFICACION/Separador09.aux) (2_2_ANEXO09/Anexo09.aux) (3_0_DOCUMENTOS_FACULTATIVO/DocumentosFacultativo.aux) (3_0_DOCUMENTOS_FACULTATIVO/Separador07.aux) (3_1_ANEXO07/Anexo07.aux) (3_0_DOCUMENTOS_FACULTATIVO/Separador10.aux) (3_2_ANEXO10/Anexo10.aux) (3_0_DOCUMENTOS_FACULTATIVO/Separador11.aux) (3_3_ANEXO11/Anexo11.aux))
\openout1 = `AS_SERVICIOS_INDIVIDUAL.aux'.

LaTeX Font Info:    Checking defaults for OML/cmm/m/it on input line 9.
LaTeX Font Info:    ... okay on input line 9.
LaTeX Font Info:    Checking defaults for OMS/cmsy/m/n on input line 9.
LaTeX Font Info:    ... okay on input line 9.
LaTeX Font Info:    Checking defaults for OT1/cmr/m/n on input line 9.
LaTeX Font Info:    ... okay on input line 9.
LaTeX Font Info:    Checking defaults for T1/cmr/m/n on input line 9.
LaTeX Font Info:    ... okay on input line 9.
LaTeX Font Info:    Checking defaults for TS1/cmr/m/n on input line 9.
LaTeX Font Info:    ... okay on input line 9.
LaTeX Font Info:    Checking defaults for OMX/cmex/m/n on input line 9.
LaTeX Font Info:    ... okay on input line 9.
LaTeX Font Info:    Checking defaults for U/cmr/m/n on input line 9.
LaTeX Font Info:    ... okay on input line 9.

*geometry* driver: auto-detecting
*geometry* detected driver: pdftex
*geometry* verbose mode - [ preamble ] result:
* driver: pdftex
* paper: a4paper
* layout: <same size as paper>
* layoutoffset:(h,v)=(0.0pt,0.0pt)
* modes: 
* h-part:(L,W,R)=(72.26999pt, 452.9679pt, 72.26999pt)
* v-part:(T,H,B)=(72.26999pt, 700.50687pt, 72.26999pt)
* \paperwidth=597.50787pt
* \paperheight=845.04684pt
* \textwidth=452.9679pt
* \textheight=700.50687pt
* \oddsidemargin=0.0pt
* \evensidemargin=0.0pt
* \topmargin=-37.0pt
* \headheight=12.0pt
* \headsep=25.0pt
* \topskip=11.0pt
* \footskip=30.0pt
* \marginparwidth=59.0pt
* \marginparsep=10.0pt
* \columnsep=10.0pt
* \skip\footins=10.0pt plus 4.0pt minus 2.0pt
* \hoffset=0.0pt
* \voffset=0.0pt
* \mag=1000
* \@twocolumnfalse
* \@twosidefalse
* \@mparswitchfalse
* \@reversemarginfalse
* (1in=72.27pt=25.4mm, 1cm=28.453pt)

(C:\Program Files\MiKTeX\tex/context/base/mkii\supp-pdf.mkii
[Loading MPS to PDF converter (version 2006.09.02).]
\scratchcounter=\count279
\scratchdimen=\dimen160
\scratchbox=\box56
\nofMPsegments=\count280
\nofMParguments=\count281
\everyMPshowfont=\toks23
\MPscratchCnt=\count282
\MPscratchDim=\dimen161
\MPnumerator=\count283
\makeMPintoPDFobject=\count284
\everyMPtoPDFconversion=\toks24
) (C:\Program Files\MiKTeX\tex/latex/epstopdf-pkg\epstopdf-base.sty
Package: epstopdf-base 2020-01-24 v2.11 Base part for package epstopdf
Package epstopdf-base Info: Redefining graphics rule for `.eps' on input line 485.
 (C:\Program Files\MiKTeX\tex/latex/00miktex\epstopdf-sys.cfg
File: epstopdf-sys.cfg 2021/03/18 v2.0 Configuration of epstopdf for MiKTeX
))
LaTeX Info: Redefining \. on input line 9.
LaTeX Info: Redefining \% on input line 9.
\openout2 = `0_1_CARATULA/Caratula.aux'.

 (0_1_CARATULA/Caratula.tex
LaTeX Font Info:    External font `cmex10' loaded for size
(Font)              <12> on input line 22.
LaTeX Font Info:    External font `cmex10' loaded for size
(Font)              <8> on input line 22.
LaTeX Font Info:    External font `cmex10' loaded for size
(Font)              <6> on input line 22.


[1


{C:/Users/jamv9/AppData/Local/MiKTeX/fonts/map/pdftex/pdftex.map}])
\openout2 = `0_2_INDICE/Indice.aux'.

 (0_2_INDICE/Indice.tex
Underfull \hbox (badness 10000) in paragraph at lines 2--3

 []

LaTeX Font Info:    External font `cmex10' loaded for size
(Font)              <10.95> on input line 36.
)

[1



]
\openout2 = `1_0_DOCUMENTOS_ADMISION/DocumentosAdmision.aux'.

 (1_0_DOCUMENTOS_ADMISION/DocumentosAdmision.tex)

[2



]
\openout2 = `1_0_DOCUMENTOS_ADMISION/Separador01.aux'.

 (1_0_DOCUMENTOS_ADMISION/Separador01.tex)

[3



]
\openout2 = `1_1_ANEXO01/Anexo01.aux'.

 (1_1_ANEXO01/Anexo01.tex
Underfull \hbox (badness 10000) in paragraph at lines 35--35
[]|\OT1/cmr/m/n/10.95 Nombre, De-no-mi-na-ci^^Son o
 []


Underfull \hbox (badness 6236) in paragraph at lines 35--35
[]|\OT1/cmr/bx/n/10.95 Jonas An-to-nio Mo-li-na
 []

)

[4



]
\openout2 = `1_0_DOCUMENTOS_ADMISION/Separador02.aux'.

 (1_0_DOCUMENTOS_ADMISION/Separador02.tex)

[5



]
\openout2 = `1_2_ANEXO02/Anexo02.aux'.

 (1_2_ANEXO02/Anexo02.tex)

[6



]
\openout2 = `1_0_DOCUMENTOS_ADMISION/Separador03.aux'.

 (1_0_DOCUMENTOS_ADMISION/Separador03.tex)

[7



]
\openout2 = `1_3_ANEXO03/Anexo03.aux'.

 (1_3_ANEXO03/Anexo03.tex)

[8



]
\openout2 = `1_0_DOCUMENTOS_ADMISION/Separador04.aux'.

 (1_0_DOCUMENTOS_ADMISION/Separador04.tex)

[9



]
\openout2 = `1_4_ANEXO04/Anexo04.aux'.

 (1_4_ANEXO04/Anexo04.tex)

[10



]
\openout2 = `1_0_DOCUMENTOS_ADMISION/Separador06.aux'.

 (1_0_DOCUMENTOS_ADMISION/Separador06.tex)

[11



]
\openout2 = `1_6_ANEXO06/Anexo06.aux'.

 (1_6_ANEXO06/Anexo06.tex)

[12



]
\openout2 = `2_0_DOCUMENTOS_CALIFICACION/RequisitosCalificacion.aux'.

 (2_0_DOCUMENTOS_CALIFICACION/RequisitosCalificacion.tex)

[13



]
\openout2 = `2_0_DOCUMENTOS_CALIFICACION/Habilitacion.aux'.

 (2_0_DOCUMENTOS_CALIFICACION/Habilitacion.tex)

[14



]
\openout2 = `2_0_DOCUMENTOS_CALIFICACION/EquipamientoEstrategico.aux'.

 (2_0_DOCUMENTOS_CALIFICACION/EquipamientoEstrategico.tex)

[15



]
\openout2 = `2_0_DOCUMENTOS_CALIFICACION/InfraestructuraEstrategica.aux'.

 (2_0_DOCUMENTOS_CALIFICACION/InfraestructuraEstrategica.tex)

[16



]
\openout2 = `2_0_DOCUMENTOS_CALIFICACION/FormacionPersonal.aux'.

 (2_0_DOCUMENTOS_CALIFICACION/FormacionPersonal.tex)

[17



]
\openout2 = `2_0_DOCUMENTOS_CALIFICACION/CapacitacionPersonal.aux'.

 (2_0_DOCUMENTOS_CALIFICACION/CapacitacionPersonal.tex)

[18



]
\openout2 = `2_0_DOCUMENTOS_CALIFICACION/ExperienciaPersonal.aux'.

 (2_0_DOCUMENTOS_CALIFICACION/ExperienciaPersonal.tex)

[19



]
\openout2 = `2_0_DOCUMENTOS_CALIFICACION/ExperienciaPostor.aux'.

 (2_0_DOCUMENTOS_CALIFICACION/ExperienciaPostor.tex)

[20



]
\openout2 = `2_1_ANEXO08/Anexo08.aux'.

 (2_1_ANEXO08/Anexo08.tex
LaTeX Font Info:    External font `cmex10' loaded for size
(Font)              <5> on input line 19.

Overfull \hbox (2.98586pt too wide) in paragraph at lines 21--21
[]|\OT1/cmr/bx/n/6 N\TS1/cmr/bx/n/6 º| 
 []


Underfull \hbox (badness 2253) in paragraph at lines 21--21
[]|\OT1/cmr/bx/n/6 OBJETO DEL
 []


Underfull \hbox (badness 10000) in paragraph at lines 21--21
[]|\OT1/cmr/bx/n/6 N\TS1/cmr/bx/n/6 ° \OT1/cmr/bx/n/6 CON-TRA-TO
 []


Underfull \hbox (badness 10000) in paragraph at lines 21--21
\OT1/cmr/bx/n/6 / O/S /
 []


Underfull \hbox (badness 10000) in paragraph at lines 21--21
\OT1/cmr/bx/n/6 COM-PRO-BAN-TE
 []


Underfull \hbox (badness 10000) in paragraph at lines 21--21
[]|\OT1/cmr/bx/n/6 FECHA DEL
 []


Overfull \hbox (8.20798pt too wide) in paragraph at lines 21--21
\OT1/cmr/bx/n/6 CON-FOR-MI-DAD
 []


Underfull \hbox (badness 10000) in paragraph at lines 21--21
\OT1/cmr/bx/n/6 DE SER EL
 []


Overfull \hbox (1.79973pt too wide) in paragraph at lines 21--21
[]|\OT1/cmr/bx/n/6 EXPERIENCIA
 []


Overfull \hbox (4.50522pt too wide) in paragraph at lines 21--21
\OT1/cmr/bx/n/6 PRO-VE-NIEN-TE
 []


Overfull \hbox (3.81764pt too wide) in paragraph at lines 21--21
[]|\OT1/cmr/bx/n/6 MONEDA| 
 []


Overfull \hbox (5.03156pt too wide) in paragraph at lines 21--21
[]|\OT1/cmr/bx/n/6 IMPORTE| 
 []


Underfull \hbox (badness 10000) in paragraph at lines 21--21
[]|\OT1/cmr/bx/n/6 TIPO DE
 []


Underfull \hbox (badness 10000) in paragraph at lines 21--21
\OT1/cmr/bx/n/6 CAM-BIO
 []


Underfull \hbox (badness 10000) in paragraph at lines 21--21
[]|\OT1/cmr/bx/n/6 MONTO
 []


Underfull \hbox (badness 10000) in paragraph at lines 21--21
\OT1/cmr/bx/n/6 FAC-TU-RA-DO
 []



[21




])
\openout2 = `2_0_DOCUMENTOS_CALIFICACION/Separador09.aux'.

 (2_0_DOCUMENTOS_CALIFICACION/Separador09.tex)

[22




]
\openout2 = `2_2_ANEXO09/Anexo09.aux'.

 (2_2_ANEXO09/Anexo09.tex)

[23



]
\openout2 = `3_0_DOCUMENTOS_FACULTATIVO/DocumentosFacultativo.aux'.

 (3_0_DOCUMENTOS_FACULTATIVO/DocumentosFacultativo.tex)

[24



]
\openout2 = `3_0_DOCUMENTOS_FACULTATIVO/Separador07.aux'.

 (3_0_DOCUMENTOS_FACULTATIVO/Separador07.tex)

[25



]
\openout2 = `3_1_ANEXO07/Anexo07.aux'.

 (3_1_ANEXO07/Anexo07.tex)

[26



]
\openout2 = `3_0_DOCUMENTOS_FACULTATIVO/Separador10.aux'.

 (3_0_DOCUMENTOS_FACULTATIVO/Separador10.tex
LaTeX Font Info:    External font `cmex10' loaded for size
(Font)              <24.88> on input line 5.
LaTeX Font Info:    External font `cmex10' loaded for size
(Font)              <20.74> on input line 5.
LaTeX Font Info:    External font `cmex10' loaded for size
(Font)              <17.28> on input line 5.
)

[27



]
\openout2 = `3_2_ANEXO10/Anexo10.aux'.

 (3_2_ANEXO10/Anexo10.tex)

[28



]
\openout2 = `3_0_DOCUMENTOS_FACULTATIVO/Separador11.aux'.

 (3_0_DOCUMENTOS_FACULTATIVO/Separador11.tex)

[29



]
\openout2 = `3_3_ANEXO11/Anexo11.aux'.

 (3_3_ANEXO11/Anexo11.tex)

[30



] (AS_SERVICIOS_INDIVIDUAL.aux (0_1_CARATULA/Caratula.aux)
LaTeX Info: Redefining \. on input line 9.
LaTeX Info: Redefining \% on input line 9.
 (0_2_INDICE/Indice.aux) (1_0_DOCUMENTOS_ADMISION/DocumentosAdmision.aux) (1_0_DOCUMENTOS_ADMISION/Separador01.aux) (1_1_ANEXO01/Anexo01.aux) (1_0_DOCUMENTOS_ADMISION/Separador02.aux) (1_2_ANEXO02/Anexo02.aux) (1_0_DOCUMENTOS_ADMISION/Separador03.aux) (1_3_ANEXO03/Anexo03.aux) (1_0_DOCUMENTOS_ADMISION/Separador04.aux) (1_4_ANEXO04/Anexo04.aux) (1_0_DOCUMENTOS_ADMISION/Separador06.aux) (1_6_ANEXO06/Anexo06.aux) (2_0_DOCUMENTOS_CALIFICACION/RequisitosCalificacion.aux) (2_0_DOCUMENTOS_CALIFICACION/Habilitacion.aux) (2_0_DOCUMENTOS_CALIFICACION/EquipamientoEstrategico.aux) (2_0_DOCUMENTOS_CALIFICACION/InfraestructuraEstrategica.aux) (2_0_DOCUMENTOS_CALIFICACION/FormacionPersonal.aux) (2_0_DOCUMENTOS_CALIFICACION/CapacitacionPersonal.aux) (2_0_DOCUMENTOS_CALIFICACION/ExperienciaPersonal.aux) (2_0_DOCUMENTOS_CALIFICACION/ExperienciaPostor.aux) (2_1_ANEXO08/Anexo08.aux) (2_0_DOCUMENTOS_CALIFICACION/Separador09.aux) (2_2_ANEXO09/Anexo09.aux) (3_0_DOCUMENTOS_FACULTATIVO/DocumentosFacultativo.aux) (3_0_DOCUMENTOS_FACULTATIVO/Separador07.aux) (3_1_ANEXO07/Anexo07.aux) (3_0_DOCUMENTOS_FACULTATIVO/Separador10.aux) (3_2_ANEXO10/Anexo10.aux) (3_0_DOCUMENTOS_FACULTATIVO/Separador11.aux) (3_3_ANEXO11/Anexo11.aux))
 ***********
LaTeX2e <2024-06-01> patch level 2
L3 programming layer <2024-08-16>
 ***********
 ) 
Here is how much of TeX's memory you used:
 4792 strings out of 473899
 110303 string characters out of 5736316
 1942960 words of memory out of 5000000
 27380 multiletter control sequences out of 15000+600000
 568617 words of font info for 70 fonts, out of 8000000 for 9000
 1141 hyphenation exceptions out of 8191
 94i,11n,98p,627b,365s stack positions out of 10000i,1000n,20000p,200000b,200000s
 <C:\Users\jamv9\AppData\Local\MiKTeX\fonts/pk/ljfour/jknappen/ec/dpi600\tcbx0600.pk> <C:\Users\jamv9\AppData\Local\MiKTeX\fonts/pk/ljfour/jknappen/ec/dpi600\tcbx1440.pk> <C:\Users\jamv9\AppData\Local\MiKTeX\fonts/pk/ljfour/jknappen/ec/dpi600\tcrm2488.pk> <C:\Users\jamv9\AppData\Local\MiKTeX\fonts/pk/ljfour/jknappen/ec/dpi600\tcrm1095.pk> <C:\Users\jamv9\AppData\Local\MiKTeX\fonts/pk/ljfour/jknappen/ec/dpi600\tcbx1200.pk><C:/Program Files/MiKTeX/fonts/type1/public/amsfonts/cm/cmbx10.pfb><C:/Program Files/MiKTeX/fonts/type1/public/amsfonts/cm/cmbx12.pfb><C:/Program Files/MiKTeX/fonts/type1/public/amsfonts/cm/cmbx6.pfb><C:/Program Files/MiKTeX/fonts/type1/public/amsfonts/cm/cmcsc10.pfb><C:/Program Files/MiKTeX/fonts/type1/public/amsfonts/cm/cmr10.pfb><C:/Program Files/MiKTeX/fonts/type1/public/amsfonts/cm/cmr12.pfb><C:/Program Files/MiKTeX/fonts/type1/public/amsfonts/cm/cmr17.pfb><C:/Program Files/MiKTeX/fonts/type1/public/amsfonts/cm/cmr6.pfb>
Output written on AS_SERVICIOS_INDIVIDUAL.pdf (31 pages, 161284 bytes).
PDF statistics:
 169 PDF objects out of 1000 (max. 8388607)
 0 named destinations out of 1000 (max. 500000)
 1 words of extra memory for PDF output out of 10000 (max. 10000000)

